<?xml version='1.0'?>
<ns2:test-suite xmlns:ns2='urn:model.allure.qatools.yandex.ru' start='1504165347251' stop='1504165355001'>
    <name>Sanity Test Golden Path sanity test for a single order</name>
    <title>Sanity Test Golden Path sanity test for a single order</title>
    <test-cases>
        <test-case start='1504165347266' status='broken' stop='1504165354999'>
            <name>I have logged in with valid credentials</name>
            <title>I have logged in with valid credentials</title>
            <labels/>
            <parameters>
                <parameter kind='environment-variable' name='capabilities' value='{"browserName":"chrome"}'/>
                <parameter kind='environment-variable' name='spec files' value='["/Users/jayramasamy/uiautomation-wdrio/features/goldenpath.feature"]'/>
            </parameters>
            <steps>
                <step start='1504165347276' status='passed' stop='1504165354013'>
                    <name>POST /wd/hub/session/e9a0ec5013b8066391e420d3996326f6/url</name>
                    <title>POST /wd/hub/session/e9a0ec5013b8066391e420d3996326f6/url</title>
                    <attachments>
                        <attachment title='Request' source='90c75ca6-8750-4a17-970f-0356a3144c89-attachment.json' type='application/json' size='54'/>
                        <attachment title='Response' source='f43f5ffc-9bcd-4a62-9b74-0f9397ea1b35-attachment.json' type='application/json' size='91'/>
                    </attachments>
                    <steps/>
                </step>
                <step start='1504165354025' status='passed' stop='1504165354396'>
                    <name>POST /wd/hub/session/e9a0ec5013b8066391e420d3996326f6/url</name>
                    <title>POST /wd/hub/session/e9a0ec5013b8066391e420d3996326f6/url</title>
                    <attachments>
                        <attachment title='Request' source='906e577f-abbf-4410-9f23-ba644f011a8d-attachment.json' type='application/json' size='45'/>
                        <attachment title='Response' source='1852ad17-3304-415b-80f5-7a042435af02-attachment.json' type='application/json' size='91'/>
                    </attachments>
                    <steps/>
                </step>
                <step start='1504165354404' status='passed' stop='1504165354431'>
                    <name>POST /wd/hub/session/e9a0ec5013b8066391e420d3996326f6/elements</name>
                    <title>POST /wd/hub/session/e9a0ec5013b8066391e420d3996326f6/elements</title>
                    <attachments>
                        <attachment title='Request' source='552c3592-3a06-4200-a19f-ef675a1bb461-attachment.json' type='application/json' size='65'/>
                        <attachment title='Response' source='4ae4a543-23b2-44b9-8d30-bab21a54372d-attachment.json' type='application/json' size='89'/>
                    </attachments>
                    <steps/>
                </step>
                <step start='1504165354437' status='passed' stop='1504165354971'>
                    <name>GET /wd/hub/session/e9a0ec5013b8066391e420d3996326f6/screenshot</name>
                    <title>GET /wd/hub/session/e9a0ec5013b8066391e420d3996326f6/screenshot</title>
                    <attachments>
                        <attachment title='Screenshot' source='eea2553b-e0e9-42a4-af21-7c586fda3f42-attachment.png' type='image/png' size='115453'/>
                    </attachments>
                    <steps/>
                </step>
            </steps>
            <attachments/>
            <failure>
                <message>An element could not be located on the page using the given search parameters ("input[type=email]").</message>
                <stack-trace>Error: An element could not be located on the page using the given search parameters ("input[type=email]").
                    at setValue("input[type=email]", "jaytestuk1@mailinator.com") - at elements("input[type=email]") - setValue.js:29:17</stack-trace>
            </failure>
        </test-case>
        <test-case start='1504165354999' status='undefined'>
            <name>I have booked the 1st available delivery slot</name>
            <title>I have booked the 1st available delivery slot</title>
            <labels/>
            <parameters>
                <parameter kind='environment-variable' name='capabilities' value='{"browserName":"chrome"}'/>
                <parameter kind='environment-variable' name='spec files' value='["/Users/jayramasamy/uiautomation-wdrio/features/goldenpath.feature"]'/>
            </parameters>
            <steps/>
            <attachments/>
        </test-case>
        <test-case start='1504165355000' status='pending' stop='1504165355000'>
            <name>I have booked the 1st available delivery slot</name>
            <title>I have booked the 1st available delivery slot</title>
            <labels/>
            <parameters/>
            <steps/>
            <attachments/>
            <failure>
                <message>Test ignored</message>
                <stack-trace>undefined</stack-trace>
            </failure>
        </test-case>
        <test-case start='1504165355000' status='undefined'>
            <name>I should see the slot details on the context card</name>
            <title>I should see the slot details on the context card</title>
            <labels/>
            <parameters>
                <parameter kind='environment-variable' name='capabilities' value='{"browserName":"chrome"}'/>
                <parameter kind='environment-variable' name='spec files' value='["/Users/jayramasamy/uiautomation-wdrio/features/goldenpath.feature"]'/>
            </parameters>
            <steps/>
            <attachments/>
        </test-case>
        <test-case start='1504165355000' status='pending' stop='1504165355000'>
            <name>I should see the slot details on the context card</name>
            <title>I should see the slot details on the context card</title>
            <labels/>
            <parameters/>
            <steps/>
            <attachments/>
            <failure>
                <message>Test ignored</message>
                <stack-trace>undefined</stack-trace>
            </failure>
        </test-case>
        <test-case start='1504165355000' status='undefined'>
            <name>I search for cola</name>
            <title>I search for cola</title>
            <labels/>
            <parameters>
                <parameter kind='environment-variable' name='capabilities' value='{"browserName":"chrome"}'/>
                <parameter kind='environment-variable' name='spec files' value='["/Users/jayramasamy/uiautomation-wdrio/features/goldenpath.feature"]'/>
            </parameters>
            <steps/>
            <attachments/>
        </test-case>
        <test-case start='1504165355000' status='pending' stop='1504165355000'>
            <name>I search for cola</name>
            <title>I search for cola</title>
            <labels/>
            <parameters/>
            <steps/>
            <attachments/>
            <failure>
                <message>Test ignored</message>
                <stack-trace>undefined</stack-trace>
            </failure>
        </test-case>
        <test-case start='1504165355000' status='undefined'>
            <name>I add the first avaialble item on search results page</name>
            <title>I add the first avaialble item on search results page</title>
            <labels/>
            <parameters>
                <parameter kind='environment-variable' name='capabilities' value='{"browserName":"chrome"}'/>
                <parameter kind='environment-variable' name='spec files' value='["/Users/jayramasamy/uiautomation-wdrio/features/goldenpath.feature"]'/>
            </parameters>
            <steps/>
            <attachments/>
        </test-case>
        <test-case start='1504165355000' status='pending' stop='1504165355000'>
            <name>I add the first avaialble item on search results page</name>
            <title>I add the first avaialble item on search results page</title>
            <labels/>
            <parameters/>
            <steps/>
            <attachments/>
            <failure>
                <message>Test ignored</message>
                <stack-trace>undefined</stack-trace>
            </failure>
        </test-case>
        <test-case start='1504165355000' status='undefined'>
            <name>correct item should be added to the trolley</name>
            <title>correct item should be added to the trolley</title>
            <labels/>
            <parameters>
                <parameter kind='environment-variable' name='capabilities' value='{"browserName":"chrome"}'/>
                <parameter kind='environment-variable' name='spec files' value='["/Users/jayramasamy/uiautomation-wdrio/features/goldenpath.feature"]'/>
            </parameters>
            <steps/>
            <attachments/>
        </test-case>
        <test-case start='1504165355000' status='pending' stop='1504165355000'>
            <name>correct item should be added to the trolley</name>
            <title>correct item should be added to the trolley</title>
            <labels/>
            <parameters/>
            <steps/>
            <attachments/>
            <failure>
                <message>Test ignored</message>
                <stack-trace>undefined</stack-trace>
            </failure>
        </test-case>
        <test-case start='1504165355000' status='undefined'>
            <name>I checkout the order and continue to payment page</name>
            <title>I checkout the order and continue to payment page</title>
            <labels/>
            <parameters>
                <parameter kind='environment-variable' name='capabilities' value='{"browserName":"chrome"}'/>
                <parameter kind='environment-variable' name='spec files' value='["/Users/jayramasamy/uiautomation-wdrio/features/goldenpath.feature"]'/>
            </parameters>
            <steps/>
            <attachments/>
        </test-case>
        <test-case start='1504165355000' status='pending' stop='1504165355000'>
            <name>I checkout the order and continue to payment page</name>
            <title>I checkout the order and continue to payment page</title>
            <labels/>
            <parameters/>
            <steps/>
            <attachments/>
            <failure>
                <message>Test ignored</message>
                <stack-trace>undefined</stack-trace>
            </failure>
        </test-case>
        <test-case start='1504165355000' status='undefined'>
            <name>I provide the valid card details to confirm the order</name>
            <title>I provide the valid card details to confirm the order</title>
            <labels/>
            <parameters>
                <parameter kind='environment-variable' name='capabilities' value='{"browserName":"chrome"}'/>
                <parameter kind='environment-variable' name='spec files' value='["/Users/jayramasamy/uiautomation-wdrio/features/goldenpath.feature"]'/>
            </parameters>
            <steps/>
            <attachments/>
        </test-case>
        <test-case start='1504165355000' status='pending' stop='1504165355000'>
            <name>I provide the valid card details to confirm the order</name>
            <title>I provide the valid card details to confirm the order</title>
            <labels/>
            <parameters/>
            <steps/>
            <attachments/>
            <failure>
                <message>Test ignored</message>
                <stack-trace>undefined</stack-trace>
            </failure>
        </test-case>
        <test-case start='1504165355000' status='undefined'>
            <name>I should see the order confirmation page</name>
            <title>I should see the order confirmation page</title>
            <labels/>
            <parameters>
                <parameter kind='environment-variable' name='capabilities' value='{"browserName":"chrome"}'/>
                <parameter kind='environment-variable' name='spec files' value='["/Users/jayramasamy/uiautomation-wdrio/features/goldenpath.feature"]'/>
            </parameters>
            <steps/>
            <attachments/>
        </test-case>
        <test-case start='1504165355000' status='pending' stop='1504165355000'>
            <name>I should see the order confirmation page</name>
            <title>I should see the order confirmation page</title>
            <labels/>
            <parameters/>
            <steps/>
            <attachments/>
            <failure>
                <message>Test ignored</message>
                <stack-trace>undefined</stack-trace>
            </failure>
        </test-case>
    </test-cases>
</ns2:test-suite>