<?xml version='1.0'?>
<ns2:test-suite xmlns:ns2='urn:model.allure.qatools.yandex.ru' start='1504099055663' stop='1504099057323'>
    <name>Sanity Test Golden Path sanity test for a single order</name>
    <title>Sanity Test Golden Path sanity test for a single order</title>
    <test-cases>
        <test-case start='1504099055672' status='passed' stop='1504099056587'>
            <name>I am on the grocery website</name>
            <title>I am on the grocery website</title>
            <labels/>
            <parameters>
                <parameter kind='environment-variable' name='capabilities' value='{"browserName":"chrome"}'/>
                <parameter kind='environment-variable' name='spec files' value='["/Users/jayramasamy/uiautomation-wdrio/features/goldenpath.feature"]'/>
            </parameters>
            <steps>
                <step start='1504099055688' status='passed' stop='1504099056575'>
                    <name>POST /wd/hub/session/5911dd9c452279d3b0c064439c13f013/url</name>
                    <title>POST /wd/hub/session/5911dd9c452279d3b0c064439c13f013/url</title>
                    <attachments>
                        <attachment title='Request' source='f7d2e53a-112d-4c57-8bd4-9abbf81c7567-attachment.json' type='application/json' size='54'/>
                        <attachment title='Response' source='a0ee4417-c9ec-4809-9246-a97589ec2da1-attachment.json' type='application/json' size='91'/>
                    </attachments>
                    <steps/>
                </step>
            </steps>
            <attachments/>
        </test-case>
        <test-case start='1504099056591' status='broken' stop='1504099057299'>
            <name>I search for cola</name>
            <title>I search for cola</title>
            <labels/>
            <parameters>
                <parameter kind='environment-variable' name='capabilities' value='{"browserName":"chrome"}'/>
                <parameter kind='environment-variable' name='spec files' value='["/Users/jayramasamy/uiautomation-wdrio/features/goldenpath.feature"]'/>
            </parameters>
            <steps>
                <step start='1504099056603' status='passed' stop='1504099056704'>
                    <name>POST /wd/hub/session/5911dd9c452279d3b0c064439c13f013/elements</name>
                    <title>POST /wd/hub/session/5911dd9c452279d3b0c064439c13f013/elements</title>
                    <attachments>
                        <attachment title='Request' source='02bb02b0-6b81-4401-93ac-fc0617497d73-attachment.json' type='application/json' size='43'/>
                        <attachment title='Response' source='00ee23f3-f7a2-4113-87e6-1c3d6d94d886-attachment.json' type='application/json' size='89'/>
                    </attachments>
                    <steps/>
                </step>
                <step start='1504099056708' status='passed' stop='1504099057285'>
                    <name>GET /wd/hub/session/5911dd9c452279d3b0c064439c13f013/screenshot</name>
                    <title>GET /wd/hub/session/5911dd9c452279d3b0c064439c13f013/screenshot</title>
                    <attachments>
                        <attachment title='Screenshot' source='cf4f2544-169f-4ef1-bf25-4e656d64149a-attachment.png' type='image/png' size='5256'/>
                    </attachments>
                    <steps/>
                </step>
            </steps>
            <attachments/>
            <failure>
                <message>An element could not be located on the page using the given search parameters ("#query").</message>
                <stack-trace>Error: An element could not be located on the page using the given search parameters ("#query").
                    at setValue("#query", "cola") - at elements("#query") - setValue.js:29:17</stack-trace>
            </failure>
        </test-case>
        <test-case start='1504099057313' status='undefined'>
            <name>I find the item title</name>
            <title>I find the item title</title>
            <labels/>
            <parameters>
                <parameter kind='environment-variable' name='capabilities' value='{"browserName":"chrome"}'/>
                <parameter kind='environment-variable' name='spec files' value='["/Users/jayramasamy/uiautomation-wdrio/features/goldenpath.feature"]'/>
            </parameters>
            <steps/>
            <attachments/>
        </test-case>
        <test-case start='1504099057317' status='pending' stop='1504099057317'>
            <name>I find the item title</name>
            <title>I find the item title</title>
            <labels/>
            <parameters/>
            <steps/>
            <attachments/>
            <failure>
                <message>Test ignored</message>
                <stack-trace>undefined</stack-trace>
            </failure>
        </test-case>
    </test-cases>
</ns2:test-suite>